app/build/intermediates/manifest_merge_blame_file/release/manifest-merger-blame-release-report.txt
1<?xml version="1.0" encoding="utf-8"?>
2<manifest xmlns:android="http://schemas.android.com/apk/res/android"
3    package="com.moderneinstein.android.effort"
4    android:versionCode="1"
5    android:versionName="1.0" >
6
7    <uses-sdk
8        android:minSdkVersion="29"
8-->src\main\AndroidManifest.xml
9        android:targetSdkVersion="31" />
9-->src\main\AndroidManifest.xml
10
11    <uses-permission android:name="android.permission.INTERNET" />
11-->[com.google.firebase:firebase-auth:22.1.1] AndroidManifest.xml:25:5-67
11-->[com.google.firebase:firebase-auth:22.1.1] AndroidManifest.xml:25:22-64
12    <uses-permission android:name="android.permission.ACCESS_NETWORK_STATE" />
12-->[com.google.firebase:firebase-auth:22.1.1] AndroidManifest.xml:26:5-79
12-->[com.google.firebase:firebase-auth:22.1.1] AndroidManifest.xml:26:22-76
13
14    <application
14-->src\main\AndroidManifest.xml:6:5-52:19
15        android:appComponentFactory="androidx.core.app.CoreComponentFactory"
15-->[androidx.core:core:1.8.0] AndroidManifest.xml:24:18-86
16        android:extractNativeLibs="false"
17        android:icon="@drawable/ic_launcher"
17-->src\main\AndroidManifest.xml:6:51-87
18        android:label="@string/app_name" >
18-->src\main\AndroidManifest.xml:6:18-50
19        <activity
19-->src\main\AndroidManifest.xml:7:9-14:20
20            android:name="com.moderneinstein.android.effort.RootActivity"
20-->src\main\AndroidManifest.xml:7:19-46
21            android:exported="true"
21-->src\main\AndroidManifest.xml:9:19-43
22            android:label="@string/app_name" >
22-->src\main\AndroidManifest.xml:8:19-51
23            <intent-filter>
23-->src\main\AndroidManifest.xml:10:13-13:29
24                <action android:name="android.intent.action.MAIN" />
24-->src\main\AndroidManifest.xml:11:17-69
24-->src\main\AndroidManifest.xml:11:25-66
25
26                <category android:name="android.intent.category.LAUNCHER" />
26-->src\main\AndroidManifest.xml:12:17-77
26-->src\main\AndroidManifest.xml:12:27-74
27            </intent-filter>
28        </activity>
29        <!-- android:label = "login_name" -->
30        <!-- android:label = "select_name" -->
31        <activity
31-->src\main\AndroidManifest.xml:17:8-21:20
32            android:name="com.moderneinstein.android.effort.LoginActivity"
32-->src\main\AndroidManifest.xml:18:9-39
33            android:exported="true"
33-->src\main\AndroidManifest.xml:19:9-34
34            android:parentActivityName="com.moderneinstein.android.effort.RootActivity" >
34-->src\main\AndroidManifest.xml:20:9-52
35        </activity>
36        <activity
36-->src\main\AndroidManifest.xml:22:9-26:20
37            android:name="com.moderneinstein.android.effort.SelectActivity"
37-->src\main\AndroidManifest.xml:23:9-39
38            android:exported="true"
38-->src\main\AndroidManifest.xml:24:9-34
39            android:parentActivityName="com.moderneinstein.android.effort.RootActivity" >
39-->src\main\AndroidManifest.xml:25:9-52
40        </activity>
41        <activity
41-->src\main\AndroidManifest.xml:27:9-31:20
42            android:name="com.moderneinstein.android.effort.Puzzle3Activity"
42-->src\main\AndroidManifest.xml:30:9-41
43            android:exported="false"
43-->src\main\AndroidManifest.xml:29:9-35
44            android:parentActivityName="com.moderneinstein.android.effort.SelectActivity" >
44-->src\main\AndroidManifest.xml:28:9-54
45        </activity>
46        <!--
47        <activity
48        android:name ="LoginActivity"
49        android:exported = "true"
50        android:parentActivityName ="RootActivity">
51        </activity>
52        -->
53        <activity
53-->src\main\AndroidManifest.xml:37:9-41:20
54            android:name="com.moderneinstein.android.effort.SignupActivity"
54-->src\main\AndroidManifest.xml:40:9-40
55            android:exported="true"
55-->src\main\AndroidManifest.xml:39:9-34
56            android:parentActivityName="com.moderneinstein.android.effort.RootActivity" >
56-->src\main\AndroidManifest.xml:38:9-52
57        </activity>
58        <activity
58-->src\main\AndroidManifest.xml:42:9-46:20
59            android:name="com.moderneinstein.android.effort.Puzzle4Activity"
59-->src\main\AndroidManifest.xml:45:9-41
60            android:exported="true"
60-->src\main\AndroidManifest.xml:44:9-34
61            android:parentActivityName="com.moderneinstein.android.effort.SelectActivity" >
61-->src\main\AndroidManifest.xml:43:9-54
62        </activity>
63        <activity
63-->src\main\AndroidManifest.xml:47:9-51:20
64            android:name="com.moderneinstein.android.effort.Puzzle5Activity"
64-->src\main\AndroidManifest.xml:50:9-41
65            android:exported="true"
65-->src\main\AndroidManifest.xml:49:9-34
66            android:parentActivityName="com.moderneinstein.android.effort.SelectActivity" >
66-->src\main\AndroidManifest.xml:48:9-54
67        </activity>
68        <activity
68-->[com.google.firebase:firebase-auth:22.1.1] AndroidManifest.xml:29:9-46:20
69            android:name="com.google.firebase.auth.internal.GenericIdpActivity"
69-->[com.google.firebase:firebase-auth:22.1.1] AndroidManifest.xml:30:13-80
70            android:excludeFromRecents="true"
70-->[com.google.firebase:firebase-auth:22.1.1] AndroidManifest.xml:31:13-46
71            android:exported="true"
71-->[com.google.firebase:firebase-auth:22.1.1] AndroidManifest.xml:32:13-36
72            android:launchMode="singleTask"
72-->[com.google.firebase:firebase-auth:22.1.1] AndroidManifest.xml:33:13-44
73            android:theme="@android:style/Theme.Translucent.NoTitleBar" >
73-->[com.google.firebase:firebase-auth:22.1.1] AndroidManifest.xml:34:13-72
74            <intent-filter>
74-->[com.google.firebase:firebase-auth:22.1.1] AndroidManifest.xml:35:13-45:29
75                <action android:name="android.intent.action.VIEW" />
75-->[com.google.firebase:firebase-auth:22.1.1] AndroidManifest.xml:36:17-69
75-->[com.google.firebase:firebase-auth:22.1.1] AndroidManifest.xml:36:25-66
76
77                <category android:name="android.intent.category.DEFAULT" />
77-->[com.google.firebase:firebase-auth:22.1.1] AndroidManifest.xml:38:17-76
77-->[com.google.firebase:firebase-auth:22.1.1] AndroidManifest.xml:38:27-73
78                <category android:name="android.intent.category.BROWSABLE" />
78-->[com.google.firebase:firebase-auth:22.1.1] AndroidManifest.xml:39:17-78
78-->[com.google.firebase:firebase-auth:22.1.1] AndroidManifest.xml:39:27-75
79
80                <data
80-->[com.google.firebase:firebase-auth:22.1.1] AndroidManifest.xml:41:17-44:51
81                    android:host="firebase.auth"
81-->[com.google.firebase:firebase-auth:22.1.1] AndroidManifest.xml:42:21-49
82                    android:path="/"
82-->[com.google.firebase:firebase-auth:22.1.1] AndroidManifest.xml:43:21-37
83                    android:scheme="genericidp" />
83-->[com.google.firebase:firebase-auth:22.1.1] AndroidManifest.xml:44:21-48
84            </intent-filter>
85        </activity>
86        <activity
86-->[com.google.firebase:firebase-auth:22.1.1] AndroidManifest.xml:47:9-64:20
87            android:name="com.google.firebase.auth.internal.RecaptchaActivity"
87-->[com.google.firebase:firebase-auth:22.1.1] AndroidManifest.xml:48:13-79
88            android:excludeFromRecents="true"
88-->[com.google.firebase:firebase-auth:22.1.1] AndroidManifest.xml:49:13-46
89            android:exported="true"
89-->[com.google.firebase:firebase-auth:22.1.1] AndroidManifest.xml:50:13-36
90            android:launchMode="singleTask"
90-->[com.google.firebase:firebase-auth:22.1.1] AndroidManifest.xml:51:13-44
91            android:theme="@android:style/Theme.Translucent.NoTitleBar" >
91-->[com.google.firebase:firebase-auth:22.1.1] AndroidManifest.xml:52:13-72
92            <intent-filter>
92-->[com.google.firebase:firebase-auth:22.1.1] AndroidManifest.xml:53:13-63:29
93                <action android:name="android.intent.action.VIEW" />
93-->[com.google.firebase:firebase-auth:22.1.1] AndroidManifest.xml:36:17-69
93-->[com.google.firebase:firebase-auth:22.1.1] AndroidManifest.xml:36:25-66
94
95                <category android:name="android.intent.category.DEFAULT" />
95-->[com.google.firebase:firebase-auth:22.1.1] AndroidManifest.xml:38:17-76
95-->[com.google.firebase:firebase-auth:22.1.1] AndroidManifest.xml:38:27-73
96                <category android:name="android.intent.category.BROWSABLE" />
96-->[com.google.firebase:firebase-auth:22.1.1] AndroidManifest.xml:39:17-78
96-->[com.google.firebase:firebase-auth:22.1.1] AndroidManifest.xml:39:27-75
97
98                <data
98-->[com.google.firebase:firebase-auth:22.1.1] AndroidManifest.xml:41:17-44:51
99                    android:host="firebase.auth"
99-->[com.google.firebase:firebase-auth:22.1.1] AndroidManifest.xml:42:21-49
100                    android:path="/"
100-->[com.google.firebase:firebase-auth:22.1.1] AndroidManifest.xml:43:21-37
101                    android:scheme="recaptcha" />
101-->[com.google.firebase:firebase-auth:22.1.1] AndroidManifest.xml:44:21-48
102            </intent-filter>
103        </activity>
104
105        <service
105-->[com.google.firebase:firebase-auth:22.1.1] AndroidManifest.xml:66:9-72:19
106            android:name="com.google.firebase.components.ComponentDiscoveryService"
106-->[com.google.firebase:firebase-auth:22.1.1] AndroidManifest.xml:67:13-84
107            android:directBootAware="true"
107-->[com.google.firebase:firebase-common:20.3.3] AndroidManifest.xml:34:13-43
108            android:exported="false" >
108-->[com.google.firebase:firebase-auth:22.1.1] AndroidManifest.xml:68:13-37
109            <meta-data
109-->[com.google.firebase:firebase-auth:22.1.1] AndroidManifest.xml:69:13-71:85
110                android:name="com.google.firebase.components:com.google.firebase.auth.FirebaseAuthRegistrar"
110-->[com.google.firebase:firebase-auth:22.1.1] AndroidManifest.xml:70:17-109
111                android:value="com.google.firebase.components.ComponentRegistrar" />
111-->[com.google.firebase:firebase-auth:22.1.1] AndroidManifest.xml:71:17-82
112            <meta-data
112-->[com.google.firebase:firebase-firestore:24.7.0] AndroidManifest.xml:19:13-21:85
113                android:name="com.google.firebase.components:com.google.firebase.firestore.FirestoreRegistrar"
113-->[com.google.firebase:firebase-firestore:24.7.0] AndroidManifest.xml:20:17-111
114                android:value="com.google.firebase.components.ComponentRegistrar" />
114-->[com.google.firebase:firebase-firestore:24.7.0] AndroidManifest.xml:21:17-82
115        </service>
116
117        <provider
117-->[com.google.firebase:firebase-common:20.3.3] AndroidManifest.xml:25:9-30:39
118            android:name="com.google.firebase.provider.FirebaseInitProvider"
118-->[com.google.firebase:firebase-common:20.3.3] AndroidManifest.xml:26:13-77
119            android:authorities="com.moderneinstein.android.effort.firebaseinitprovider"
119-->[com.google.firebase:firebase-common:20.3.3] AndroidManifest.xml:27:13-72
120            android:directBootAware="true"
120-->[com.google.firebase:firebase-common:20.3.3] AndroidManifest.xml:28:13-43
121            android:exported="false"
121-->[com.google.firebase:firebase-common:20.3.3] AndroidManifest.xml:29:13-37
122            android:initOrder="100" />
122-->[com.google.firebase:firebase-common:20.3.3] AndroidManifest.xml:30:13-36
123
124        <activity
124-->[com.google.android.gms:play-services-base:18.0.1] AndroidManifest.xml:20:9-22:45
125            android:name="com.google.android.gms.common.api.GoogleApiActivity"
125-->[com.google.android.gms:play-services-base:18.0.1] AndroidManifest.xml:20:19-85
126            android:exported="false"
126-->[com.google.android.gms:play-services-base:18.0.1] AndroidManifest.xml:22:19-43
127            android:theme="@android:style/Theme.Translucent.NoTitleBar" />
127-->[com.google.android.gms:play-services-base:18.0.1] AndroidManifest.xml:21:19-78
128
129        <uses-library
129-->[androidx.window:window:1.0.0] AndroidManifest.xml:25:9-27:40
130            android:name="androidx.window.extensions"
130-->[androidx.window:window:1.0.0] AndroidManifest.xml:26:13-54
131            android:required="false" />
131-->[androidx.window:window:1.0.0] AndroidManifest.xml:27:13-37
132        <uses-library
132-->[androidx.window:window:1.0.0] AndroidManifest.xml:28:9-30:40
133            android:name="androidx.window.sidecar"
133-->[androidx.window:window:1.0.0] AndroidManifest.xml:29:13-51
134            android:required="false" />
134-->[androidx.window:window:1.0.0] AndroidManifest.xml:30:13-37
135
136        <meta-data
136-->[com.google.android.gms:play-services-basement:18.1.0] AndroidManifest.xml:21:9-23:69
137            android:name="com.google.android.gms.version"
137-->[com.google.android.gms:play-services-basement:18.1.0] AndroidManifest.xml:22:13-58
138            android:value="@integer/google_play_services_version" />
138-->[com.google.android.gms:play-services-basement:18.1.0] AndroidManifest.xml:23:13-66
139    </application>
140
141</manifest>